2021-09-19 17:31:16,482 - views.py[line:33] - INFO: ========
请求类型=GET,请求地址=/api/mock/index,请求参数={}
2021-09-19 17:31:16,485 - views.py[line:49] - ERROR: 路由表未配置该url:/api/mock/index,请求返回值={'code': '-1', 'msg': '路由表未配置该url:/api/mock/index', 'data': None}
2021-09-19 17:32:20,012 - views.py[line:33] - INFO: ========
请求类型=GET,请求地址=/api/mock/index/,请求参数={}
2021-09-19 17:32:20,015 - views.py[line:49] - ERROR: 路由表未配置该url:/api/mock/index/,请求返回值={'code': '-1', 'msg': '路由表未配置该url:/api/mock/index/', 'data': None}
2021-09-19 17:33:38,194 - views.py[line:33] - INFO: ========
请求类型=POST,请求地址=/api/mock/test/route,请求参数={'registNo': '粤L45R961', 'body': {'bbb': '粤L45R96', 'ccc': 'c-ok', 'ddd': 'd-ok'}, 'iii': '粤L45R96'}
2021-09-19 17:33:38,196 - views.py[line:49] - ERROR: 路由表未配置该url:/api/mock/test/route,请求返回值={'code': '-1', 'msg': '路由表未配置该url:/api/mock/test/route', 'data': None}
2021-09-19 17:33:38,203 - views.py[line:33] - INFO: ========
请求类型=GET,请求地址=/api/mock/test2/route2,请求参数={}
2021-09-19 17:33:38,206 - views.py[line:49] - ERROR: 路由表未配置该url:/api/mock/test2/route2,请求返回值={'code': '-1', 'msg': '路由表未配置该url:/api/mock/test2/route2', 'data': None}
2021-09-19 17:34:08,408 - views.py[line:33] - INFO: ========
请求类型=GET,请求地址=/api/mock/cases/123456,请求参数={}
2021-09-19 17:34:08,411 - views.py[line:49] - ERROR: 路由表未配置该url:/api/mock/cases/123456,请求返回值={'code': '-1', 'msg': '路由表未配置该url:/api/mock/cases/123456', 'data': None}
2021-09-19 17:57:50,911 - views.py[line:33] - INFO: ========
请求类型=POST,请求地址=/api/mock/test/route,请求参数={'registNo': '粤L45R961', 'body': {'bbb': '粤L45R96', 'ccc': 'c-ok', 'ddd': 'd-ok'}, 'iii': '粤L45R96'}
2021-09-19 17:57:50,914 - views.py[line:49] - ERROR: 路由表未配置该url:/api/mock/test/route,请求返回值={'code': '-1', 'msg': '路由表未配置该url:/api/mock/test/route', 'data': None}
2021-09-19 17:58:20,926 - views.py[line:33] - INFO: ========
请求类型=POST,请求地址=/api/mock/test/route,请求参数=<QueryDict: {'registNo': ['粤L45R961'], 'body': ['bbb', 'ccc', 'ddd'], 'iii': ['粤L45R96']}>
2021-09-19 17:58:20,929 - views.py[line:49] - ERROR: 路由表未配置该url:/api/mock/test/route,请求返回值={'code': '-1', 'msg': '路由表未配置该url:/api/mock/test/route', 'data': None}
2021-09-19 17:58:57,754 - views.py[line:33] - INFO: ========
请求类型=POST,请求地址=/api/mock/test/route,请求参数=<QueryDict: {'registNo': ['粤L45R961'], 'body': ['bbb', 'ccc', 'ddd'], 'iii': ['粤L45R96']}>
2021-09-19 17:58:57,757 - views.py[line:49] - ERROR: 路由表未配置该url:/api/mock/test/route,请求返回值={'code': '-1', 'msg': '路由表未配置该url:/api/mock/test/route', 'data': None}
2021-09-19 18:05:26,916 - views.py[line:33] - INFO: ========
请求类型=POST,请求地址=/api/mock/test/route,请求参数={'registNo': '粤L45R961', 'body': {'bbb': '粤L45R96', 'ccc': 'c-ok', 'ddd': 'd-ok'}, 'iii': '粤L45R96'}
2021-09-19 18:05:26,920 - views.py[line:49] - ERROR: 路由表未配置该url:/api/mock/test/route,请求返回值={'code': '-1', 'msg': '路由表未配置该url:/api/mock/test/route', 'data': None}
2021-09-19 18:05:33,527 - views.py[line:33] - INFO: ========
请求类型=POST,请求地址=/api/mock/test/route,请求参数=<QueryDict: {'registNo': ['粤L45R961'], 'body': ['bbb', 'ccc', 'ddd'], 'iii': ['粤L45R96']}>
2021-09-19 18:05:33,530 - views.py[line:49] - ERROR: 路由表未配置该url:/api/mock/test/route,请求返回值={'code': '-1', 'msg': '路由表未配置该url:/api/mock/test/route', 'data': None}
2021-09-19 18:05:48,578 - views.py[line:33] - INFO: ========
请求类型=POST,请求地址=/api/mock/test/route,请求参数=<QueryDict: {'registNo': ['粤L45R961'], 'body': ['bbb', 'ccc', 'ddd'], 'iii': ['粤L45R96']}>
2021-09-19 18:05:48,584 - views.py[line:49] - ERROR: 路由表未配置该url:/api/mock/test/route,请求返回值={'code': '-1', 'msg': '路由表未配置该url:/api/mock/test/route', 'data': None}
2021-09-19 18:06:24,359 - views.py[line:33] - INFO: ========
请求类型=POST,请求地址=/api/mock/test/route,请求参数={'registNo': '粤L45R961', 'body': {'bbb': '粤L45R96', 'ccc': 'c-ok', 'ddd': 'd-ok'}, 'iii': '粤L45R96'}
2021-09-19 18:06:24,363 - views.py[line:49] - ERROR: 路由表未配置该url:/api/mock/test/route,请求返回值={'code': '-1', 'msg': '路由表未配置该url:/api/mock/test/route', 'data': None}
2021-09-19 18:06:54,585 - views.py[line:33] - INFO: ========
请求类型=POST,请求地址=/api/mock/test/route,请求参数=<QueryDict: {'registNo': ['粤L45R961'], 'body': ['bbb', 'ccc', 'ddd'], 'iii': ['粤L45R96']}>
2021-09-19 18:06:54,590 - views.py[line:49] - ERROR: 路由表未配置该url:/api/mock/test/route,请求返回值={'code': '-1', 'msg': '路由表未配置该url:/api/mock/test/route', 'data': None}
2021-09-19 18:08:08,364 - views.py[line:33] - INFO: ========
请求类型=POST,请求地址=/api/mock/test/route,请求参数=<QueryDict: {'registNo': ['粤L45R961'], 'body': ['bbb', 'ccc', 'ddd'], 'iii': ['粤L45R96']}>
2021-09-19 18:08:08,368 - views.py[line:49] - ERROR: 路由表未配置该url:/api/mock/test/route,请求返回值={'code': '-1', 'msg': '路由表未配置该url:/api/mock/test/route', 'data': None}
2021-09-19 18:09:33,332 - views.py[line:33] - INFO: ========
请求类型=POST,请求地址=/api/mock/test/route,请求参数=<QueryDict: {'registNo': ['粤L45R961'], 'body': ['bbb', 'ccc', 'ddd'], 'iii': ['粤L45R96']}>
2021-09-19 18:09:33,337 - views.py[line:49] - ERROR: 路由表未配置该url:/api/mock/test/route,请求返回值={'code': '-1', 'msg': '路由表未配置该url:/api/mock/test/route', 'data': None}
2021-09-19 18:10:22,981 - views.py[line:33] - INFO: ========
请求类型=POST,请求地址=/api/mock/test/route,请求参数=<QueryDict: {'registNo': ['粤L45R961'], 'body': ['bbb', 'ccc', 'ddd'], 'iii': ['粤L45R96']}>
2021-09-19 18:10:22,985 - views.py[line:49] - ERROR: 路由表未配置该url:/api/mock/test/route,请求返回值={'code': '-1', 'msg': '路由表未配置该url:/api/mock/test/route', 'data': None}
2021-09-19 18:13:31,571 - views.py[line:33] - INFO: ========
请求类型=POST,请求地址=/api/mock/test/route,请求参数={'registNo': '粤L45R961', 'body': {'bbb': '粤L45R96', 'ccc': 'c-ok', 'ddd': 'd-ok'}, 'iii': '粤L45R96'}
2021-09-19 18:13:31,575 - views.py[line:49] - ERROR: 路由表未配置该url:/api/mock/test/route,请求返回值={'code': '-1', 'msg': '路由表未配置该url:/api/mock/test/route', 'data': None}
2021-09-19 18:13:43,518 - views.py[line:33] - INFO: ========
请求类型=POST,请求地址=/api/mock/test/route,请求参数={'registNo': '粤L45R961', 'body': {'bbb': '粤L45R96', 'ccc': 'c-ok', 'ddd': 'd-ok'}, 'iii': '粤L45R96'}
2021-09-19 18:13:43,520 - views.py[line:49] - ERROR: 路由表未配置该url:/api/mock/test/route,请求返回值={'code': '-1', 'msg': '路由表未配置该url:/api/mock/test/route', 'data': None}
2021-09-19 18:13:51,808 - views.py[line:33] - INFO: ========
请求类型=POST,请求地址=/api/mock/test/route,请求参数={'registNo': '粤L45R961', 'body': {'bbb': '粤L45R96', 'ccc': 'c-ok', 'ddd': 'd-ok'}, 'iii': '粤L45R96'}
2021-09-19 18:13:51,811 - views.py[line:49] - ERROR: 路由表未配置该url:/api/mock/test/route,请求返回值={'code': '-1', 'msg': '路由表未配置该url:/api/mock/test/route', 'data': None}
2021-09-19 18:13:59,016 - views.py[line:33] - INFO: ========
请求类型=POST,请求地址=/api/mock/test/route,请求参数={'registNo': '粤L45R961', 'body': {'bbb': '粤L45R96', 'ccc': 'c-ok', 'ddd': 'd-ok'}, 'iii': '粤L45R96'}
2021-09-19 18:13:59,018 - views.py[line:49] - ERROR: 路由表未配置该url:/api/mock/test/route,请求返回值={'code': '-1', 'msg': '路由表未配置该url:/api/mock/test/route', 'data': None}
2021-09-19 18:14:12,311 - views.py[line:33] - INFO: ========
请求类型=POST,请求地址=/api/mock/test/route,请求参数={'registNo': '粤L45R961', 'body': {'bbb': '粤L45R96', 'ccc': 'c-ok', 'ddd': 'd-ok'}, 'iii': '粤L45R96'}
2021-09-19 18:14:12,314 - views.py[line:49] - ERROR: 路由表未配置该url:/api/mock/test/route,请求返回值={'code': '-1', 'msg': '路由表未配置该url:/api/mock/test/route', 'data': None}
2021-09-19 18:16:42,597 - views.py[line:33] - INFO: ========
请求类型=POST,请求地址=/api/mock/test/route,请求参数={}
2021-09-19 18:16:42,601 - views.py[line:49] - ERROR: 路由表未配置该url:/api/mock/test/route,请求返回值={'code': '-1', 'msg': '路由表未配置该url:/api/mock/test/route', 'data': None}
2021-09-19 18:17:37,620 - views.py[line:33] - INFO: ========
请求类型=POST,请求地址=/api/mock/test/route,请求参数={}
2021-09-19 18:17:37,623 - views.py[line:49] - ERROR: 路由表未配置该url:/api/mock/test/route,请求返回值={'code': '-1', 'msg': '路由表未配置该url:/api/mock/test/route', 'data': None}
2021-09-19 18:19:03,457 - views.py[line:33] - INFO: ========
请求类型=POST,请求地址=/api/mock/test/route,请求参数={}
2021-09-19 18:19:03,459 - views.py[line:49] - ERROR: 路由表未配置该url:/api/mock/test/route,请求返回值={'code': '-1', 'msg': '路由表未配置该url:/api/mock/test/route', 'data': None}
2021-09-19 18:19:26,516 - views.py[line:33] - INFO: ========
请求类型=POST,请求地址=/api/mock/test/route,请求参数={}
2021-09-19 18:19:26,521 - views.py[line:49] - ERROR: 路由表未配置该url:/api/mock/test/route,请求返回值={'code': '-1', 'msg': '路由表未配置该url:/api/mock/test/route', 'data': None}
2021-09-19 18:22:33,774 - views.py[line:33] - INFO: ========
请求类型=POST,请求地址=/api/mock/test/route,请求参数={}
2021-09-19 18:22:33,779 - views.py[line:49] - ERROR: 路由表未配置该url:/api/mock/test/route,请求返回值={'code': '-1', 'msg': '路由表未配置该url:/api/mock/test/route', 'data': None}
2021-09-19 18:27:16,048 - views.py[line:33] - INFO: ========
请求类型=POST,请求地址=/api/mock/test/route,请求参数={}
2021-09-19 18:27:16,052 - views.py[line:49] - ERROR: 路由表未配置该url:/api/mock/test/route,请求返回值={'code': '-1', 'msg': '路由表未配置该url:/api/mock/test/route', 'data': None}
2021-09-19 18:31:20,997 - views.py[line:33] - INFO: ========
请求类型=POST,请求地址=/api/mock/test/route,请求参数={}
2021-09-19 18:31:21,001 - views.py[line:49] - ERROR: 路由表未配置该url:/api/mock/test/route,请求返回值={'code': '-1', 'msg': '路由表未配置该url:/api/mock/test/route', 'data': None}
2021-09-19 18:32:18,539 - views.py[line:33] - INFO: ========
请求类型=POST,请求地址=/api/mock/test/route,请求参数={}
2021-09-19 18:32:18,542 - views.py[line:49] - ERROR: 路由表未配置该url:/api/mock/test/route,请求返回值={'code': '-1', 'msg': '路由表未配置该url:/api/mock/test/route', 'data': None}
2021-09-19 18:37:03,993 - views.py[line:33] - INFO: ========
请求类型=POST,请求地址=/api/mock/test/route,请求参数={}
2021-09-19 18:37:03,996 - views.py[line:49] - ERROR: 路由表未配置该url:/api/mock/test/route,请求返回值={'code': '-1', 'msg': '路由表未配置该url:/api/mock/test/route', 'data': None}
2021-09-19 18:37:13,063 - views.py[line:33] - INFO: ========
请求类型=POST,请求地址=/api/mock/test/route,请求参数={}
2021-09-19 18:37:13,066 - views.py[line:49] - ERROR: 路由表未配置该url:/api/mock/test/route,请求返回值={'code': '-1', 'msg': '路由表未配置该url:/api/mock/test/route', 'data': None}
2021-09-19 18:42:02,429 - views.py[line:33] - INFO: ========
请求类型=POST,请求地址=/api/mock/test/route,请求参数={}
2021-09-19 18:42:02,432 - views.py[line:49] - ERROR: 路由表未配置该url:/api/mock/test/route,请求返回值={'code': '-1', 'msg': '路由表未配置该url:/api/mock/test/route', 'data': None}
2021-09-19 18:43:29,607 - views.py[line:33] - INFO: ========
请求类型=POST,请求地址=/api/mock/test/route,请求参数={}
2021-09-19 18:43:29,611 - views.py[line:49] - ERROR: 路由表未配置该url:/api/mock/test/route,请求返回值={'code': '-1', 'msg': '路由表未配置该url:/api/mock/test/route', 'data': None}
2021-09-19 18:44:23,251 - views.py[line:33] - INFO: ========
请求类型=POST,请求地址=/api/mock/test/route,请求参数={'registNo': '粤L45R961', 'body': {'bbb': '粤L45R96', 'ccc': 'c-ok', 'ddd': 'd-ok'}, 'iii': '粤L45R96'}
2021-09-19 18:44:23,254 - views.py[line:49] - ERROR: 路由表未配置该url:/api/mock/test/route,请求返回值={'code': '-1', 'msg': '路由表未配置该url:/api/mock/test/route', 'data': None}
2021-09-19 18:44:27,725 - views.py[line:33] - INFO: ========
请求类型=POST,请求地址=/api/mock/test/route,请求参数={'registNo': '粤L45R961', 'body': {'bbb': '粤L45R96', 'ccc': 'c-ok', 'ddd': 'd-ok'}, 'iii': '粤L45R96'}
2021-09-19 18:44:27,727 - views.py[line:49] - ERROR: 路由表未配置该url:/api/mock/test/route,请求返回值={'code': '-1', 'msg': '路由表未配置该url:/api/mock/test/route', 'data': None}
2021-09-19 18:53:59,140 - views.py[line:33] - INFO: ========
请求类型=POST,请求地址=/api/mock/test/route,请求参数={}
2021-09-19 18:53:59,145 - views.py[line:49] - ERROR: 路由表未配置该url:/api/mock/test/route,请求返回值={'code': '-1', 'msg': '路由表未配置该url:/api/mock/test/route', 'data': None}
2021-09-19 18:55:27,009 - views.py[line:33] - INFO: ========
请求类型=POST,请求地址=/api/mock/test/route,请求参数={}
2021-09-19 18:55:27,015 - views.py[line:49] - ERROR: 路由表未配置该url:/api/mock/test/route,请求返回值={'code': '-1', 'msg': '路由表未配置该url:/api/mock/test/route', 'data': None}
2021-09-19 18:55:34,431 - views.py[line:33] - INFO: ========
请求类型=POST,请求地址=/api/mock/test/route,请求参数={}
2021-09-19 18:55:34,436 - views.py[line:49] - ERROR: 路由表未配置该url:/api/mock/test/route,请求返回值={'code': '-1', 'msg': '路由表未配置该url:/api/mock/test/route', 'data': None}
2021-09-19 18:59:49,134 - views.py[line:33] - INFO: ========
请求类型=POST,请求地址=/api/mock/test/route,请求参数={}
2021-09-19 18:59:49,138 - views.py[line:49] - ERROR: 路由表未配置该url:/api/mock/test/route,请求返回值={'code': '-1', 'msg': '路由表未配置该url:/api/mock/test/route', 'data': None}
2021-09-19 19:00:46,326 - views.py[line:33] - INFO: ========
请求类型=POST,请求地址=/api/mock/test/route,请求参数={}
2021-09-19 19:00:46,330 - views.py[line:49] - ERROR: 路由表未配置该url:/api/mock/test/route,请求返回值={'code': '-1', 'msg': '路由表未配置该url:/api/mock/test/route', 'data': None}
2021-09-19 19:07:09,150 - views.py[line:33] - INFO: ========
请求类型=POST,地址=/api/mock/test/route,头部=None，报文={}
2021-09-19 19:07:09,154 - views.py[line:49] - ERROR: 路由表未配置该url:/api/mock/test/route,请求返回值={'code': '-1', 'msg': '路由表未配置该url:/api/mock/test/route', 'data': None}
2021-09-19 20:01:41,224 - views.py[line:33] - INFO: ========
请求类型=POST,地址=/api/mock/test/route,报文={}
2021-09-19 20:01:41,228 - views.py[line:49] - ERROR: 路由表未配置该url:/api/mock/test/route,请求返回值={'code': '-1', 'msg': '路由表未配置该url:/api/mock/test/route', 'data': None}
2021-09-19 20:05:55,190 - views.py[line:33] - INFO: ========
请求类型=POST,地址=/api/mock/test/route,报文={}
2021-09-19 20:05:55,195 - views.py[line:49] - ERROR: 路由表未配置该url:/api/mock/test/route,请求返回值={'code': '-1', 'msg': '路由表未配置该url:/api/mock/test/route', 'data': None}
2021-09-19 20:09:41,100 - views.py[line:34] - INFO: ========
请求类型=POST,地址=/api/mock/test/route,报文={}
2021-09-19 20:09:41,103 - views.py[line:50] - ERROR: 路由表未配置该url:/api/mock/test/route,请求返回值={'code': '-1', 'msg': '路由表未配置该url:/api/mock/test/route', 'data': None}
2021-09-19 20:09:46,249 - views.py[line:34] - INFO: ========
请求类型=POST,地址=/api/mock/test/route,报文={}
2021-09-19 20:09:46,253 - views.py[line:50] - ERROR: 路由表未配置该url:/api/mock/test/route,请求返回值={'code': '-1', 'msg': '路由表未配置该url:/api/mock/test/route', 'data': None}
2021-09-19 20:41:43,565 - views.py[line:34] - INFO: ========
请求类型=GET,地址=/admin/mockapi/indextest/,报文={}
2021-09-19 20:41:43,568 - views.py[line:50] - ERROR: 路由表未配置该url:/admin/mockapi/indextest/,请求返回值={'code': '-1', 'msg': '路由表未配置该url:/admin/mockapi/indextest/', 'data': None}
2021-09-19 20:41:44,317 - views.py[line:34] - INFO: ========
请求类型=GET,地址=/admin/mockapi/indextest/,报文={}
2021-09-19 20:41:44,319 - views.py[line:50] - ERROR: 路由表未配置该url:/admin/mockapi/indextest/,请求返回值={'code': '-1', 'msg': '路由表未配置该url:/admin/mockapi/indextest/', 'data': None}
2021-09-19 20:41:44,871 - views.py[line:34] - INFO: ========
请求类型=GET,地址=/admin/mockapi/indextest/,报文={}
2021-09-19 20:41:44,873 - views.py[line:50] - ERROR: 路由表未配置该url:/admin/mockapi/indextest/,请求返回值={'code': '-1', 'msg': '路由表未配置该url:/admin/mockapi/indextest/', 'data': None}
2021-09-19 20:41:45,966 - views.py[line:34] - INFO: ========
请求类型=GET,地址=/admin/mockapi/indextest/,报文={}
2021-09-19 20:41:45,969 - views.py[line:50] - ERROR: 路由表未配置该url:/admin/mockapi/indextest/,请求返回值={'code': '-1', 'msg': '路由表未配置该url:/admin/mockapi/indextest/', 'data': None}
2021-09-19 21:02:00,737 - views.py[line:34] - INFO: ========
请求类型=GET,地址=/admin/mockapi/indextest/,报文={}
2021-09-19 21:02:00,739 - views.py[line:50] - ERROR: 路由表未配置该url:/admin/mockapi/indextest/,请求返回值={'code': '-1', 'msg': '路由表未配置该url:/admin/mockapi/indextest/', 'data': None}
2021-09-19 21:02:47,040 - views.py[line:34] - INFO: ========
请求类型=GET,地址=/admin/mockapi/apiresponsemock/,报文={}
2021-09-19 21:02:47,042 - views.py[line:50] - ERROR: 路由表未配置该url:/admin/mockapi/apiresponsemock/,请求返回值={'code': '-1', 'msg': '路由表未配置该url:/admin/mockapi/apiresponsemock/', 'data': None}
2021-09-19 21:02:53,183 - views.py[line:34] - INFO: ========
请求类型=GET,地址=/admin/mockapi/routetabmock/,报文={}
2021-09-19 21:02:53,186 - views.py[line:50] - ERROR: 路由表未配置该url:/admin/mockapi/routetabmock/,请求返回值={'code': '-1', 'msg': '路由表未配置该url:/admin/mockapi/routetabmock/', 'data': None}
2021-09-19 21:12:30,242 - views.py[line:34] - INFO: ========
请求类型=GET,地址=/api/mock/index,报文={}
2021-09-19 21:12:30,244 - views.py[line:50] - ERROR: 路由表未配置该url:/api/mock/index,请求返回值={'code': '-1', 'msg': '路由表未配置该url:/api/mock/index', 'data': None}
2021-09-19 21:12:30,969 - views.py[line:34] - INFO: ========
请求类型=GET,地址=/api/mock/index,报文={}
2021-09-19 21:12:30,971 - views.py[line:50] - ERROR: 路由表未配置该url:/api/mock/index,请求返回值={'code': '-1', 'msg': '路由表未配置该url:/api/mock/index', 'data': None}
2021-09-19 21:12:31,772 - views.py[line:34] - INFO: ========
请求类型=GET,地址=/api/mock/index,报文={}
2021-09-19 21:12:31,774 - views.py[line:50] - ERROR: 路由表未配置该url:/api/mock/index,请求返回值={'code': '-1', 'msg': '路由表未配置该url:/api/mock/index', 'data': None}
2021-09-19 21:12:36,720 - views.py[line:34] - INFO: ========
请求类型=GET,地址=/api/mock/index,报文={}
2021-09-19 21:12:36,723 - views.py[line:50] - ERROR: 路由表未配置该url:/api/mock/index,请求返回值={'code': '-1', 'msg': '路由表未配置该url:/api/mock/index', 'data': None}
2021-09-19 21:22:41,518 - views.py[line:34] - INFO: ========
请求类型=GET,地址=/api/mock/static,报文={}
2021-09-19 21:22:41,521 - views.py[line:50] - ERROR: 路由表未配置该url:/api/mock/static,请求返回值={'code': '-1', 'msg': '路由表未配置该url:/api/mock/static', 'data': None}
2021-09-19 21:23:55,120 - views.py[line:34] - INFO: ========
请求类型=GET,地址=/api/mock/static,报文={}
2021-09-19 21:23:55,122 - views.py[line:50] - ERROR: 路由表未配置该url:/api/mock/static,请求返回值={'code': '-1', 'msg': '路由表未配置该url:/api/mock/static', 'data': None}
2021-09-19 21:27:03,046 - views.py[line:34] - INFO: ========
请求类型=GET,地址=/api/mock/indextest,报文={}
2021-09-19 21:27:03,048 - views.py[line:50] - ERROR: 路由表未配置该url:/api/mock/indextest,请求返回值={'code': '-1', 'msg': '路由表未配置该url:/api/mock/indextest', 'data': None}
2021-09-19 21:30:34,419 - views.py[line:34] - INFO: ========
请求类型=GET,地址=/api/mock/index/,报文={}
2021-09-19 21:30:34,422 - views.py[line:50] - ERROR: 路由表未配置该url:/api/mock/index/,请求返回值={'code': '-1', 'msg': '路由表未配置该url:/api/mock/index/', 'data': None}
2021-09-19 21:32:26,409 - views.py[line:34] - INFO: ========
请求类型=GET,地址=/api/mock/index/,报文={}
2021-09-19 21:32:26,411 - views.py[line:50] - ERROR: 路由表未配置该url:/api/mock/index/,请求返回值={'code': '-1', 'msg': '路由表未配置该url:/api/mock/index/', 'data': None}
2021-09-19 21:32:27,036 - views.py[line:34] - INFO: ========
请求类型=GET,地址=/api/mock/index/,报文={}
2021-09-19 21:32:27,037 - views.py[line:50] - ERROR: 路由表未配置该url:/api/mock/index/,请求返回值={'code': '-1', 'msg': '路由表未配置该url:/api/mock/index/', 'data': None}
2021-09-19 22:10:07,386 - views.py[line:34] - INFO: ========
请求类型=POST,地址=/api/mock/test/route,报文={}
2021-09-19 22:10:07,391 - views.py[line:50] - ERROR: 路由表未配置该url:/api/mock/test/route,请求返回值={'code': '-1', 'msg': '路由表未配置该url:/api/mock/test/route', 'data': None}
2021-09-19 22:11:09,476 - views.py[line:34] - INFO: ========
请求类型=POST,地址=/api/mock/test/route,报文={}
2021-09-19 22:11:09,481 - views.py[line:50] - ERROR: 路由表未配置该url:/api/mock/test/route,请求返回值={'code': '-1', 'msg': '路由表未配置该url:/api/mock/test/route', 'data': None}
2021-09-19 22:12:26,891 - views.py[line:34] - INFO: ========
请求类型=POST,地址=/api/mock/test/route,报文={}
2021-09-19 22:12:26,897 - views.py[line:50] - ERROR: 路由表未配置该url:/api/mock/test/route,请求返回值={'code': '-1', 'msg': '路由表未配置该url:/api/mock/test/route', 'data': None}
2021-09-19 22:13:44,432 - views.py[line:34] - INFO: ========
请求类型=POST,地址=/api/mock/test/route,报文={}
2021-09-19 22:13:44,439 - views.py[line:50] - ERROR: 路由表未配置该url:/api/mock/test/route,请求返回值={'code': '-1', 'msg': '路由表未配置该url:/api/mock/test/route', 'data': None}
2021-09-19 22:15:19,183 - views.py[line:34] - INFO: ========
请求类型=POST,地址=/api/mock/test/route,报文={}
2021-09-19 22:15:19,187 - views.py[line:50] - ERROR: 路由表未配置该url:/api/mock/test/route,请求返回值={'code': '-1', 'msg': '路由表未配置该url:/api/mock/test/route', 'data': None}
2021-09-19 22:16:50,079 - views.py[line:34] - INFO: ========
请求类型=POST,地址=/api/mock/test/route,报文={}
2021-09-19 22:16:50,086 - views.py[line:50] - ERROR: 路由表未配置该url:/api/mock/test/route,请求返回值={'code': '-1', 'msg': '路由表未配置该url:/api/mock/test/route', 'data': None}
2021-09-19 22:17:32,240 - views.py[line:34] - INFO: ========
请求类型=POST,地址=/api/mock/test/route,报文={}
2021-09-19 22:17:32,244 - views.py[line:50] - ERROR: 路由表未配置该url:/api/mock/test/route,请求返回值={'code': '-1', 'msg': '路由表未配置该url:/api/mock/test/route', 'data': None}
2021-09-19 22:18:19,058 - views.py[line:34] - INFO: ========
请求类型=POST,地址=/api/mock/test/route,报文={}
2021-09-19 22:18:19,064 - views.py[line:50] - ERROR: 路由表未配置该url:/api/mock/test/route,请求返回值={'code': '-1', 'msg': '路由表未配置该url:/api/mock/test/route', 'data': None}
2021-09-19 22:18:32,675 - views.py[line:34] - INFO: ========
请求类型=POST,地址=/api/mock/test/route,报文={}
2021-09-19 22:18:32,681 - views.py[line:50] - ERROR: 路由表未配置该url:/api/mock/test/route,请求返回值={'code': '-1', 'msg': '路由表未配置该url:/api/mock/test/route', 'data': None}
2021-09-19 22:19:39,164 - views.py[line:34] - INFO: ========
请求类型=POST,地址=/api/mock/test/route,报文={}
2021-09-19 22:19:39,167 - views.py[line:50] - ERROR: 路由表未配置该url:/api/mock/test/route,请求返回值={'code': '-1', 'msg': '路由表未配置该url:/api/mock/test/route', 'data': None}
2021-09-19 22:19:56,644 - views.py[line:34] - INFO: ========
请求类型=POST,地址=/api/mock/test/route,报文={}
2021-09-19 22:19:56,651 - views.py[line:50] - ERROR: 路由表未配置该url:/api/mock/test/route,请求返回值={'code': '-1', 'msg': '路由表未配置该url:/api/mock/test/route', 'data': None}
2021-09-19 22:19:59,026 - views.py[line:34] - INFO: ========
请求类型=POST,地址=/api/mock/test/route,报文={}
2021-09-19 22:19:59,031 - views.py[line:50] - ERROR: 路由表未配置该url:/api/mock/test/route,请求返回值={'code': '-1', 'msg': '路由表未配置该url:/api/mock/test/route', 'data': None}
2021-09-19 22:20:37,052 - views.py[line:34] - INFO: ========
请求类型=POST,地址=/api/mock/test/route,报文={}
2021-09-19 22:20:37,055 - views.py[line:50] - ERROR: 路由表未配置该url:/api/mock/test/route,请求返回值={'code': '-1', 'msg': '路由表未配置该url:/api/mock/test/route', 'data': None}
2021-09-19 22:21:48,778 - views.py[line:34] - INFO: ========
请求类型=POST,地址=/api/mock/test/route,报文={}
2021-09-19 22:21:48,782 - views.py[line:50] - ERROR: 路由表未配置该url:/api/mock/test/route,请求返回值={'code': '-1', 'msg': '路由表未配置该url:/api/mock/test/route', 'data': None}
2021-09-19 22:23:15,467 - views.py[line:34] - INFO: ========
请求类型=POST,地址=/api/mock/test/route,报文={}
2021-09-19 22:23:15,472 - views.py[line:50] - ERROR: 路由表未配置该url:/api/mock/test/route,请求返回值={'code': '-1', 'msg': '路由表未配置该url:/api/mock/test/route', 'data': None}
2021-09-19 22:24:48,812 - views.py[line:34] - INFO: ========
请求类型=POST,地址=/api/mock/test/route,报文={}
2021-09-19 22:24:48,816 - views.py[line:50] - ERROR: 路由表未配置该url:/api/mock/test/route,请求返回值={'code': '-1', 'msg': '路由表未配置该url:/api/mock/test/route', 'data': None}
2021-09-19 22:25:45,853 - views.py[line:34] - INFO: ========
请求类型=POST,地址=/api/mock/test/route,报文={}
2021-09-19 22:25:45,860 - views.py[line:50] - ERROR: 路由表未配置该url:/api/mock/test/route,请求返回值={'code': '-1', 'msg': '路由表未配置该url:/api/mock/test/route', 'data': None}
2021-09-19 22:47:16,165 - views.py[line:34] - INFO: ========
请求类型=POST,地址=/api/mock/test/route,报文={}
2021-09-19 22:47:16,169 - views.py[line:50] - ERROR: 路由表未配置该url:/api/mock/test/route,请求返回值={'code': '-1', 'msg': '路由表未配置该url:/api/mock/test/route', 'data': None}
2021-09-19 22:47:53,017 - views.py[line:34] - INFO: ========
请求类型=POST,地址=/api/mock/test/route,报文={}
2021-09-19 22:47:53,021 - views.py[line:50] - ERROR: 路由表未配置该url:/api/mock/test/route,请求返回值={'code': '-1', 'msg': '路由表未配置该url:/api/mock/test/route', 'data': None}
2021-09-19 22:48:15,066 - views.py[line:34] - INFO: ========
请求类型=POST,地址=/api/mock/test/route,报文={}
2021-09-19 22:48:15,074 - views.py[line:50] - ERROR: 路由表未配置该url:/api/mock/test/route,请求返回值={'code': '-1', 'msg': '路由表未配置该url:/api/mock/test/route', 'data': None}
2021-09-19 22:52:25,890 - views.py[line:34] - INFO: ========
请求类型=POST,地址=/api/mock/test/route,报文={}
2021-09-19 22:52:25,896 - views.py[line:50] - ERROR: 路由表未配置该url:/api/mock/test/route,请求返回值={'code': '-1', 'msg': '路由表未配置该url:/api/mock/test/route', 'data': None}
2021-09-19 23:09:23,540 - views.py[line:34] - INFO: ========
请求类型=GET,地址=/api/mock/test/route,报文={}
2021-09-19 23:09:23,545 - views.py[line:50] - ERROR: 路由表未配置该url:/api/mock/test/route,请求返回值={'code': '-1', 'msg': '路由表未配置该url:/api/mock/test/route', 'data': None}
2021-09-19 23:11:01,897 - views.py[line:34] - INFO: ========
请求类型=GET,地址=/api/mock/test/route,报文={}
2021-09-19 23:11:01,903 - views.py[line:50] - ERROR: 路由表未配置该url:/api/mock/test/route,请求返回值={'code': '-1', 'msg': '路由表未配置该url:/api/mock/test/route', 'data': None}
2021-09-19 23:16:37,253 - views.py[line:34] - INFO: ========
请求类型=GET,地址=/api/mock/test/route,报文={}
2021-09-19 23:16:37,259 - views.py[line:50] - ERROR: 路由表未配置该url:/api/mock/test/route,请求返回值={'code': '-1', 'msg': '路由表未配置该url:/api/mock/test/route', 'data': None}
2021-09-19 23:32:06,720 - views.py[line:34] - INFO: ========
请求类型=POST,地址=/api/mock/test/route,报文={}
2021-09-19 23:32:06,724 - views.py[line:50] - ERROR: 路由表未配置该url:/api/mock/test/route,请求返回值={'code': '-1', 'msg': '路由表未配置该url:/api/mock/test/route', 'data': None}
